Resource Usage Report for FIC 

Mapping to part: m2s010fbga484-1
Cell usage:
CCC             1 use
CLKINT          2 uses
MSS_010         1 use
RCOSC_25_50MHZ  1 use
CFG1           128 uses
CFG2           100 uses
CFG3           462 uses
CFG4           538 uses


Sequential Cells: 
SLE            825 uses

DSP Blocks:    0

I/O ports: 17
I/O primitives: 17
INBUF          9 uses
OUTBUF         7 uses
TRIBUFF        1 use


Global Clock Buffers: 2


Total LUTs:    1228

Extra resources required for RAM and MACC interface logic during P&R:

RAM64x18 Interface Logic : SLEs = 0; LUTs = 0;
RAM1K18  Interface Logic : SLEs = 36; LUTs = 36;
MACC     Interface Logic : SLEs = 0; LUTs = 0;

Total number of SLEs after P&R:  825 + 0 + 36 + 0 = 861;
Total number of LUTs after P&R:  1228 + 0 + 36 + 0 = 1264;

