
Starting:    E:\Microsemi\Libero_v11.5\Synopsys\synplify_I201403MSP1\win64\mbin\synbatch.exe
Install:     E:\Microsemi\Libero_v11.5\Synopsys\synplify_I201403MSP1
Date:        Tue Sep 15 18:42:44 2015
Version:     I-2014.03M-SP1

Arguments:   -product synplify_pro  -licensetype synplifypro_actel -batch -log synplify.log hello_regs_syn.tcl
ProductType: synplify_pro

License checkout: synplifypro_actel
License: synplifypro_actel node-locked 
Licensed Vendor: actel
License Option: actel_oem

Running in Vendor Mode


auto_infer_blackbox is not supported in current product.

log file: "E:\Practice\hello_regs\synthesis\hello_regs.srr"



Running hello_regs_syn|synthesis


Running: Compile on hello_regs_syn|synthesis


Running: Compile Process on hello_regs_syn|synthesis


Running: Compile Input on hello_regs_syn|synthesis

Copied E:\Practice\hello_regs\synthesis\synwork\hello_regs_comp.srs to E:\Practice\hello_regs\synthesis\hello_regs.srs


compiler Completed with warnings
Return Code: 1
Run Time:0h:00m:09s


Running: Multi-srs Generator on hello_regs_syn|synthesis

Copied E:\Practice\hello_regs\synthesis\synwork\hello_regs_comp.srs to E:\Practice\hello_regs\synthesis\synwork\hello_regs_s.srs


multi_srs_gen Completed
Return Code: 0
Run Time:0h:00m:02s

Copied E:\Practice\hello_regs\synthesis\synwork\hello_regs_mult.srs to E:\Practice\hello_regs\synthesis\hello_regs.srs

Complete: Compile Process on hello_regs_syn|synthesis


Running: Pre-mapping on hello_regs_syn|synthesis

Copied E:\Practice\hello_regs\synthesis\hello_regs.sap to E:\Practice\hello_regs\synthesis\synwork\hello_regs_s.sap

Copied E:\Practice\hello_regs\synthesis\hello_regs.fse to E:\Practice\hello_regs\synthesis\synwork\hello_regs_s.fse


premap Completed with warnings
Return Code: 1
Run Time:0h:00m:06s

Complete: Compile on hello_regs_syn|synthesis


Running: Map on hello_regs_syn|synthesis


Running: Map & Optimize on hello_regs_syn|synthesis

Copied E:\Practice\hello_regs\synthesis\synwork\hello_regs_m.srm to E:\Practice\hello_regs\synthesis\hello_regs.srm


fpga_mapper Completed with warnings
Return Code: 1
Run Time:0h:00m:12s

Complete: Map on hello_regs_syn|synthesis

Complete: Logic Synthesis on hello_regs_syn|synthesis

TCL script complete: "hello_regs_syn.tcl"

exit status=0

exit status=0

License checkin: synplifypro_actel

