Compile Report
Microsemi Corporation - Microsemi Libero Software Release v11.5 SP3 (Version 11.5.3.10)
Date: Thu Sep 10 11:58:14 2015

Device Selection
+--------------------------------+----------------+
| Family                         | SmartFusion2   |
| Device                         | M2S010         |
| Package                        | 484 FBGA       |
| Speed Grade                    | -1             |
| Temp                           | 0:25:85        |
| Voltage                        | 1.26:1.20:1.14 |
| Core Voltage                   | 1.2V           |
| Ramp Rate                      | 100ms Minimum  |
| System Controller Suspend Mode | No             |
| PLL Supply Voltage             | 2.5V           |
| Default I/O technology         | LVCMOS 2.5V    |
| Restrict Probe Pins            | Yes            |
+--------------------------------+----------------+

Source Files
+---------+------------------------------------------+
| Topcell | FIC                                      |
| Format  | EDIF                                     |
| Source  | D:\Practice\FIC\synthesis\FIC.edn        |
| Source  | D:\Practice\FIC\constraint\io\FIC.io.pdc |
+---------+------------------------------------------+

Options
+---------------------------------------------------------+-------+
| Merge User SDC file(s) with Existing Timing Constraints | true  |
| Abort Compile if errors are found in PDC file(s)        | true  |
| Enable Design Separation Methodology                    | false |
| Limit the number of high fanout nets to display to      | 10    |
+---------------------------------------------------------+-------+

Resource Usage
+---------------------------+------+-------+------------+
| Type                      | Used | Total | Percentage |
+---------------------------+------+-------+------------+
| 4LUT                      | 1137 | 12084 | 9.41       |
| DFF                       | 861  | 12084 | 7.13       |
| I/O Register              | 0    | 693   | 0.00       |
| User I/O                  | 17   | 231   | 7.36       |
| -- Single-ended I/O       | 17   | 231   | 7.36       |
| -- Differential I/O Pairs | 0    | 115   | 0.00       |
| RAM64x18                  | 0    | 22    | 0.00       |
| RAM1K18                   | 1    | 21    | 4.76       |
| MACC                      | 0    | 22    | 0.00       |
| Chip Globals              | 2    | 8     | 25.00      |
| CCC                       | 1    | 2     | 50.00      |
| RCOSC_25_50MHZ            | 1    | 1     | 100.00     |
| RCOSC_1MHZ                | 0    | 1     | 0.00       |
| XTLOSC                    | 0    | 1     | 0.00       |
| MSS                       | 1    | 1     | 100.00     |
+---------------------------+------+-------+------------+

Detailed Logic Resource Usage
+--------------------------+------+-----+
| Type                     | 4LUT | DFF |
+--------------------------+------+-----+
| Fabric Logic             | 1101 | 825 |
| RAM64x18 Interface Logic | 0    | 0   |
| RAM1K18 Interface Logic  | 36   | 36  |
| MACC Interface Logic     | 0    | 0   |
| Total Used               | 1137 | 861 |
+--------------------------+------+-----+

MSS Resource Usage
+---------------+------+-------+
| Type          | Used | Total |
+---------------+------+-------+
| Cortex-M3*    | 1    | 1     |
| eNVM (256KB)* | 1    | 1     |
| eSRAM*        | 2    | 2     |
| TIMER*        | 2    | 2     |
| CAN           | 0    | 1     |
| SPI           | 0    | 2     |
| I2C           | 0    | 2     |
| UART          | 1    | 2     |
| USB           | 0    | 1     |
| MAC           | 0    | 1     |
| MDDR          | 0    | 1     |
| HPDMA         | 0    | 1     |
| PDMA          | 0    | 1     |
+---------------+------+-------+

* These resources are always marked as used when you are using the MSS

I/O Function
+-------------------------------+--------------+-------------+-----------------+
| Type                          | w/o register | w/ register | w/ DDR register |
+-------------------------------+--------------+-------------+-----------------+
| Input I/O                     | 9            | 0           | 0               |
| Output I/O                    | 8            | 0           | 0               |
| Bidirectional I/O             | 0            | 0           | 0               |
| Differential Input I/O Pairs  | 0            | 0           | 0               |
| Differential Output I/O Pairs | 0            | 0           | 0               |
+-------------------------------+--------------+-------------+-----------------+

I/O Technology
+--------------+--------+------+-------+--------+---------------+
| I/O Standard | Vddi   | Vref | Input | Output | Bidirectional |
+--------------+--------+------+-------+--------+---------------+
| LVCMOS25     |  2.50v |  N/A |  9    |  8     |  0            |
+--------------+--------+------+-------+--------+---------------+

I/O Placement
+----------+-------+------------+
| Type     | Count | Percentage |
+----------+-------+------------+
| Locked   |  16   | 94.12%     |
| Placed   |  0    | 0.00%      |
| UnPlaced |  1    | 5.88%      |
+----------+-------+------------+

Nets assigned to chip global resources
+--------+---------+----------------------------------------------+
| Fanout | Type    | Name                                         |
+--------+---------+----------------------------------------------+
| 700    | INT_NET | Net   : FCCC_0_GL1                           |
|        |         | Driver: FCCC_0/GL1_INST/U0_RGB1              |
|        |         | Source: NETLIST                              |
| 435    | INT_NET | Net   : MSS_RESET_N_F2M_c                    |
|        |         | Driver: MSS_RESET_N_F2M_ibuf_RNIBBDD/U0_RGB1 |
|        |         | Source: NETLIST                              |
+--------+---------+----------------------------------------------+

Nets assigned to row global resources
+--------+------+------+
| Fanout | Type | Name |
+--------+------+------+
+--------+------+------+

High fanout nets
+--------+---------+-------------------------------------------------------------------------------+
| Fanout | Type    | Name                                                                          |
+--------+---------+-------------------------------------------------------------------------------+
| 258    | INT_NET | Net   : MSS_RESET_N_F2M_ibuf                                                  |
|        |         | Driver: MSS_RESET_N_F2M_ibuf                                                  |
| 167    | INT_NET | Net   : CoreAPB3_0_APBmslave2_PADDR[5]                                        |
|        |         | Driver: FIC_MSS_0/MSS_ADLIB_INST                                              |
| 128    | INT_NET | Net   : CFG0_GND_INST_NET                                                     |
|        |         | Driver: CFG0_GND_INST                                                         |
| 79     | INT_NET | Net   : CoreAPB3_0_APBmslave2_PADDR[3]                                        |
|        |         | Driver: FIC_MSS_0/MSS_ADLIB_INST                                              |
| 78     | INT_NET | Net   : CoreGPIO_0/edge_N_5_mux                                               |
|        |         | Driver: CoreGPIO_0/xhdl1.GEN_BITS[0].APB_32.un5_PRDATA_o_0_a2_0_o2_s_RNIBS2P2 |
| 69     | INT_NET | Net   : CoreAPB3_0_APBmslave2_PADDR[6]                                        |
|        |         | Driver: FIC_MSS_0/MSS_ADLIB_INST                                              |
| 55     | INT_NET | Net   : CoreAPB3_0_APBmslave2_PADDR[2]                                        |
|        |         | Driver: FIC_MSS_0/MSS_ADLIB_INST                                              |
| 55     | INT_NET | Net   : CoreAPB3_0_APBmslave2_PADDR[4]                                        |
|        |         | Driver: FIC_MSS_0/MSS_ADLIB_INST                                              |
| 54     | INT_NET | Net   : CoreAPB3_0_APBmslave2_PWDATA[0]                                       |
|        |         | Driver: FIC_MSS_0/MSS_ADLIB_INST                                              |
| 54     | INT_NET | Net   : CoreAPB3_0_APBmslave2_PWDATA[1]                                       |
|        |         | Driver: FIC_MSS_0/MSS_ADLIB_INST                                              |
+--------+---------+-------------------------------------------------------------------------------+

High fanout nets (through buffer trees)
+--------+---------+-------------------------------------------------------------------------------+
| Fanout | Type    | Name                                                                          |
+--------+---------+-------------------------------------------------------------------------------+
| 258    | INT_NET | Net   : MSS_RESET_N_F2M_ibuf                                                  |
|        |         | Driver: MSS_RESET_N_F2M_ibuf                                                  |
| 167    | INT_NET | Net   : CoreAPB3_0_APBmslave2_PADDR[5]                                        |
|        |         | Driver: FIC_MSS_0/MSS_ADLIB_INST                                              |
| 128    | INT_NET | Net   : CFG0_GND_INST_NET                                                     |
|        |         | Driver: CFG0_GND_INST                                                         |
| 79     | INT_NET | Net   : CoreAPB3_0_APBmslave2_PADDR[3]                                        |
|        |         | Driver: FIC_MSS_0/MSS_ADLIB_INST                                              |
| 78     | INT_NET | Net   : CoreGPIO_0/edge_N_5_mux                                               |
|        |         | Driver: CoreGPIO_0/xhdl1.GEN_BITS[0].APB_32.un5_PRDATA_o_0_a2_0_o2_s_RNIBS2P2 |
| 69     | INT_NET | Net   : CoreAPB3_0_APBmslave2_PADDR[6]                                        |
|        |         | Driver: FIC_MSS_0/MSS_ADLIB_INST                                              |
| 55     | INT_NET | Net   : CoreAPB3_0_APBmslave2_PADDR[2]                                        |
|        |         | Driver: FIC_MSS_0/MSS_ADLIB_INST                                              |
| 55     | INT_NET | Net   : CoreAPB3_0_APBmslave2_PADDR[4]                                        |
|        |         | Driver: FIC_MSS_0/MSS_ADLIB_INST                                              |
| 54     | INT_NET | Net   : CoreAPB3_0_APBmslave2_PWDATA[0]                                       |
|        |         | Driver: FIC_MSS_0/MSS_ADLIB_INST                                              |
| 54     | INT_NET | Net   : CoreAPB3_0_APBmslave2_PWDATA[1]                                       |
|        |         | Driver: FIC_MSS_0/MSS_ADLIB_INST                                              |
+--------+---------+-------------------------------------------------------------------------------+

